<?xml version="1.0" encoding="UTF-8"?>
<!-- Generated by org.testng.reporters.JUnitXMLReporter -->
<testsuite ignored="0" hostname="binsy" failures="1" tests="4" name="Test" time="108.819" errors="0" timestamp="2025-06-11T20:47:34 IST">
  <testcase classname="testScript.LoginTest" name="veriyUserLoginWithValidCredentials" time="1.702">
    <failure type="java.lang.NullPointerException" message="Cannot invoke &amp;quot;org.apache.poi.ss.usermodel.Row.getCell(int)&amp;quot; because &amp;quot;r&amp;quot; is null">
      <![CDATA[java.lang.NullPointerException: Cannot invoke "org.apache.poi.ss.usermodel.Row.getCell(int)" because "r" is null
at utilities.ExcelUtility.getStringData(ExcelUtility.java:22)
at testScript.LoginTest.veriyUserLoginWithValidCredentials(LoginTest.java:17)
at java.base/java.util.ArrayList.forEach(ArrayList.java:1597)
... Removed 25 stack frames]]>
    </failure>
  </testcase> <!-- veriyUserLoginWithValidCredentials -->
  <testcase classname="testScript.LoginTest" name="verifyuserloginwithinvalidusername" time="1.251"/>
  <testcase classname="testScript.LoginTest" name="verifyuserloginwithinvalidpassword" time="1.439"/>
  <testcase classname="testScript.LoginTest" name="verifyuserloginwithinvalidcredential" time="1.203"/>
</testsuite> <!-- Test -->
