<?xml version="1.0" encoding="UTF-8"?>
<!-- Generated by org.testng.reporters.JUnitXMLReporter -->
<testsuite ignored="0" hostname="binsy" failures="0" tests="5" name="Test" time="98.379" errors="0" timestamp="2025-06-21T02:36:15 IST">
  <testcase classname="testScript.LoginTest" name="veriyUserLoginWithValidCredentials" time="2.155"/>
  <testcase classname="testScript.LoginTest" name="verifyuserloginwithinvalidusername" time="0.605"/>
  <testcase classname="testScript.LoginTest" name="verifyuserloginwithinvalidpassword" time="0.59"/>
  <testcase classname="testScript.LoginTest" name="verifyuserloginwithinvalidcredential" time="0.542"/>
  <testcase classname="testScript.LoginTest" name="verifyuserloginwithinvalidcredential" time="0.7"/>
</testsuite> <!-- Test -->
