<?xml version="1.0" encoding="UTF-8"?>
<!-- Generated by org.testng.reporters.JUnitXMLReporter -->
<testsuite ignored="3" hostname="binsy" failures="0" tests="1" name="Test" time="25.142" errors="0" timestamp="2025-06-09T21:12:46 IST">
  <testcase classname="testScript.LoginTest" name="verifyuserloginwithinvalidusername" time="2.587"/>
  <testcase classname="testScript.LoginTest" name="verifyuserloginwithinvalidcredential" time="0.0">
    <ignored/>
  </testcase> <!-- verifyuserloginwithinvalidcredential -->
  <testcase classname="testScript.LoginTest" name="verifyuserloginwithinvalidpassword" time="0.0">
    <ignored/>
  </testcase> <!-- verifyuserloginwithinvalidpassword -->
  <testcase classname="testScript.LoginTest" name="veriyUserLoginWithValidCredentials" time="0.0">
    <ignored/>
  </testcase> <!-- veriyUserLoginWithValidCredentials -->
</testsuite> <!-- Test -->
