<?xml version="1.0" encoding="UTF-8"?>
<!-- Generated by org.testng.reporters.JUnitXMLReporter -->
<testsuite ignored="3" hostname="binsy" failures="0" tests="1" name="Default test" time="22.307" errors="0" timestamp="2025-06-03T19:30:11 IST">
  <testcase classname="SupermarkeTestclassPackage.SupermarketTestclass" name="veriyUserLoginWithValidCredentials" time="1.232"/>
  <testcase classname="SupermarkeTestclassPackage.SupermarketTestclass" name="verifyuserloginwithinvalidcredential" time="0.0">
    <ignored/>
  </testcase> <!-- verifyuserloginwithinvalidcredential -->
  <testcase classname="SupermarkeTestclassPackage.SupermarketTestclass" name="verifyuserloginwithinvalidpassword" time="0.0">
    <ignored/>
  </testcase> <!-- verifyuserloginwithinvalidpassword -->
  <testcase classname="SupermarkeTestclassPackage.SupermarketTestclass" name="verifyuserloginwithinvalidusername" time="0.0">
    <ignored/>
  </testcase> <!-- verifyuserloginwithinvalidusername -->
</testsuite> <!-- Default test -->
