<?xml version="1.0" encoding="UTF-8"?>
<!-- Generated by org.testng.reporters.JUnitXMLReporter -->
<testsuite ignored="1" hostname="binsy" failures="0" tests="1" name="Default test" time="22.679" errors="0" timestamp="2025-06-10T21:41:11 IST">
  <testcase classname="testScript.AdminuserTest" name="verifyabletocraetenewadminuser" time="3.729"/>
  <testcase classname="testScript.AdminuserTest" name="verifythenewadminuser" time="0.0">
    <ignored/>
  </testcase> <!-- verifythenewadminuser -->
</testsuite> <!-- Default test -->
