<?xml version="1.0" encoding="UTF-8"?>
<!-- Generated by org.testng.reporters.JUnitXMLReporter -->
<testsuite ignored="0" hostname="binsy" failures="0" tests="4" name="Test1" time="80.501" errors="0" timestamp="2025-06-17T12:21:55 IST">
  <testcase classname="testScript.LoginTest" name="veriyUserLoginWithValidCredentials" time="1.865"/>
  <testcase classname="testScript.LoginTest" name="verifyuserloginwithinvalidusername" time="0.825"/>
  <testcase classname="testScript.LoginTest" name="verifyuserloginwithinvalidpassword" time="0.469"/>
  <testcase classname="testScript.LoginTest" name="verifyuserloginwithinvalidcredential" time="0.595"/>
</testsuite> <!-- Test1 -->
