<?xml version="1.0" encoding="UTF-8"?>
<testng-results ignored="0" total="5" passed="5" failed="0" skipped="0">
  <reporter-output>
  </reporter-output>
  <suite started-at="2025-06-21T02:38:12 IST" name="Suite" finished-at="2025-06-21T02:39:48 IST" duration-ms="95075">
    <groups>
      <group name="smoke">
        <method signature="LoginTest.veriyUserLoginWithValidCredentials()[pri:1, instance:testScript.LoginTest@5276d6ee]" name="veriyUserLoginWithValidCredentials" class="testScript.LoginTest"/>
        <method signature="LoginTest.verifyuserloginwithinvalidusername()[pri:2, instance:testScript.LoginTest@5276d6ee]" name="verifyuserloginwithinvalidusername" class="testScript.LoginTest"/>
      </group> <!-- smoke -->
    </groups>
    <test started-at="2025-06-21T02:38:12 IST" name="Test" finished-at="2025-06-21T02:39:48 IST" duration-ms="95075">
      <class name="testScript.LoginTest">
        <test-method is-config="true" signature="intializeBrowser(java.lang.String)[pri:0, instance:testScript.LoginTest@5276d6ee]" started-at="2025-06-21T02:38:12 IST" name="intializeBrowser" finished-at="2025-06-21T02:38:31 IST" duration-ms="18051" status="PASS">
          <params>
            <param index="0">
              <value>
                <![CDATA[chrome]]>
              </value>
            </param>
          </params>
          <reporter-output>
          </reporter-output>
        </test-method> <!-- intializeBrowser -->
        <test-method signature="veriyUserLoginWithValidCredentials()[pri:1, instance:testScript.LoginTest@5276d6ee]" started-at="2025-06-21T02:38:31 IST" name="veriyUserLoginWithValidCredentials" description="verify user is able to login with valid credentails" finished-at="2025-06-21T02:38:32 IST" duration-ms="1892" status="PASS">
          <reporter-output>
          </reporter-output>
        </test-method> <!-- veriyUserLoginWithValidCredentials -->
        <test-method is-config="true" signature="closeBrowser()[pri:0, instance:testScript.LoginTest@5276d6ee]" started-at="2025-06-21T02:38:32 IST" name="closeBrowser" finished-at="2025-06-21T02:38:33 IST" duration-ms="399" status="PASS">
          <reporter-output>
          </reporter-output>
        </test-method> <!-- closeBrowser -->
        <test-method is-config="true" signature="intializeBrowser(java.lang.String)[pri:0, instance:testScript.LoginTest@5276d6ee]" started-at="2025-06-21T02:38:33 IST" name="intializeBrowser" finished-at="2025-06-21T02:38:50 IST" duration-ms="17294" status="PASS">
          <params>
            <param index="0">
              <value>
                <![CDATA[chrome]]>
              </value>
            </param>
          </params>
          <reporter-output>
          </reporter-output>
        </test-method> <!-- intializeBrowser -->
        <test-method signature="verifyuserloginwithinvalidusername()[pri:2, instance:testScript.LoginTest@5276d6ee]" started-at="2025-06-21T02:38:50 IST" name="verifyuserloginwithinvalidusername" description="verifying user is not able to login valid username and invalid password" finished-at="2025-06-21T02:38:51 IST" duration-ms="565" status="PASS">
          <reporter-output>
          </reporter-output>
        </test-method> <!-- verifyuserloginwithinvalidusername -->
        <test-method is-config="true" signature="closeBrowser()[pri:0, instance:testScript.LoginTest@5276d6ee]" started-at="2025-06-21T02:38:51 IST" name="closeBrowser" finished-at="2025-06-21T02:38:51 IST" duration-ms="377" status="PASS">
          <reporter-output>
          </reporter-output>
        </test-method> <!-- closeBrowser -->
        <test-method is-config="true" signature="intializeBrowser(java.lang.String)[pri:0, instance:testScript.LoginTest@5276d6ee]" started-at="2025-06-21T02:38:51 IST" name="intializeBrowser" finished-at="2025-06-21T02:39:08 IST" duration-ms="16950" status="PASS">
          <params>
            <param index="0">
              <value>
                <![CDATA[chrome]]>
              </value>
            </param>
          </params>
          <reporter-output>
          </reporter-output>
        </test-method> <!-- intializeBrowser -->
        <test-method signature="verifyuserloginwithinvalidpassword()[pri:3, instance:testScript.LoginTest@5276d6ee]" started-at="2025-06-21T02:39:08 IST" name="verifyuserloginwithinvalidpassword" description="verifying user is not able to login with valid username and invalid password" finished-at="2025-06-21T02:39:09 IST" duration-ms="954" status="PASS">
          <reporter-output>
          </reporter-output>
        </test-method> <!-- verifyuserloginwithinvalidpassword -->
        <test-method is-config="true" signature="closeBrowser()[pri:0, instance:testScript.LoginTest@5276d6ee]" started-at="2025-06-21T02:39:09 IST" name="closeBrowser" finished-at="2025-06-21T02:39:10 IST" duration-ms="844" status="PASS">
          <reporter-output>
          </reporter-output>
        </test-method> <!-- closeBrowser -->
        <test-method is-config="true" signature="intializeBrowser(java.lang.String)[pri:0, instance:testScript.LoginTest@5276d6ee]" started-at="2025-06-21T02:39:10 IST" name="intializeBrowser" finished-at="2025-06-21T02:39:28 IST" duration-ms="17665" status="PASS">
          <params>
            <param index="0">
              <value>
                <![CDATA[chrome]]>
              </value>
            </param>
          </params>
          <reporter-output>
          </reporter-output>
        </test-method> <!-- intializeBrowser -->
        <test-method signature="verifyuserloginwithinvalidcredential(java.lang.String,java.lang.String)[pri:4, instance:testScript.LoginTest@5276d6ee]" started-at="2025-06-21T02:39:28 IST" name="verifyuserloginwithinvalidcredential" description="verifying user is not able to login with invalid credentials" data-provider="logindata" finished-at="2025-06-21T02:39:28 IST" duration-ms="794" status="PASS">
          <params>
            <param index="0">
              <value>
                <![CDATA[Test1]]>
              </value>
            </param>
            <param index="1">
              <value>
                <![CDATA[Test2]]>
              </value>
            </param>
          </params>
          <reporter-output>
          </reporter-output>
        </test-method> <!-- verifyuserloginwithinvalidcredential -->
        <test-method is-config="true" signature="closeBrowser()[pri:0, instance:testScript.LoginTest@5276d6ee]" started-at="2025-06-21T02:39:28 IST" name="closeBrowser" finished-at="2025-06-21T02:39:29 IST" duration-ms="1059" status="PASS">
          <reporter-output>
          </reporter-output>
        </test-method> <!-- closeBrowser -->
        <test-method is-config="true" signature="intializeBrowser(java.lang.String)[pri:0, instance:testScript.LoginTest@5276d6ee]" started-at="2025-06-21T02:39:29 IST" name="intializeBrowser" finished-at="2025-06-21T02:39:47 IST" duration-ms="17206" status="PASS">
          <params>
            <param index="0">
              <value>
                <![CDATA[chrome]]>
              </value>
            </param>
          </params>
          <reporter-output>
          </reporter-output>
        </test-method> <!-- intializeBrowser -->
        <test-method signature="verifyuserloginwithinvalidcredential(java.lang.String,java.lang.String)[pri:4, instance:testScript.LoginTest@5276d6ee]" started-at="2025-06-21T02:39:47 IST" name="verifyuserloginwithinvalidcredential" description="verifying user is not able to login with invalid credentials" data-provider="logindata" finished-at="2025-06-21T02:39:47 IST" duration-ms="529" status="PASS">
          <params>
            <param index="0">
              <value>
                <![CDATA[Test3]]>
              </value>
            </param>
            <param index="1">
              <value>
                <![CDATA[Test4]]>
              </value>
            </param>
          </params>
          <reporter-output>
          </reporter-output>
        </test-method> <!-- verifyuserloginwithinvalidcredential -->
        <test-method is-config="true" signature="closeBrowser()[pri:0, instance:testScript.LoginTest@5276d6ee]" started-at="2025-06-21T02:39:47 IST" name="closeBrowser" finished-at="2025-06-21T02:39:48 IST" duration-ms="402" status="PASS">
          <reporter-output>
          </reporter-output>
        </test-method> <!-- closeBrowser -->
      </class> <!-- testScript.LoginTest -->
    </test> <!-- Test -->
  </suite> <!-- Suite -->
</testng-results>
