<?xml version="1.0" encoding="UTF-8"?>
<testng-results ignored="0" total="1" passed="1" failed="0" skipped="0">
  <reporter-output>
  </reporter-output>
  <suite started-at="2025-06-10T21:40:49 IST" name="Default suite" finished-at="2025-06-10T21:41:11 IST" duration-ms="22679">
    <groups>
    </groups>
    <test started-at="2025-06-10T21:40:49 IST" name="Default test" finished-at="2025-06-10T21:41:11 IST" duration-ms="22679">
      <class name="testScript.AdminuserTest">
        <test-method is-config="true" signature="intializeBrowser()[pri:0, instance:testScript.AdminuserTest@4d1c00d0]" started-at="2025-06-10T21:40:49 IST" name="intializeBrowser" finished-at="2025-06-10T21:41:08 IST" duration-ms="18899" status="PASS">
          <reporter-output>
          </reporter-output>
        </test-method> <!-- intializeBrowser -->
        <test-method signature="verifyabletocraetenewadminuser()[pri:0, instance:testScript.AdminuserTest@4d1c00d0]" started-at="2025-06-10T21:41:08 IST" name="verifyabletocraetenewadminuser" finished-at="2025-06-10T21:41:11 IST" duration-ms="3729" status="PASS">
          <reporter-output>
          </reporter-output>
        </test-method> <!-- verifyabletocraetenewadminuser -->
        <test-method is-config="true" signature="closeBrowser()[pri:0, instance:testScript.AdminuserTest@4d1c00d0]" started-at="2025-06-10T21:41:11 IST" name="closeBrowser" finished-at="2025-06-10T21:41:11 IST" duration-ms="2" status="PASS">
          <reporter-output>
          </reporter-output>
        </test-method> <!-- closeBrowser -->
      </class> <!-- testScript.AdminuserTest -->
    </test> <!-- Default test -->
  </suite> <!-- Default suite -->
</testng-results>
